2025-02-20 09:26:44,376 - sec_monitor - INFO - Starting SEC filing monitor 
2025-02-20 09:26:44,376 - sec_monitor - INFO - Loading S&P 500 data...
2025-02-20 09:26:44,376 - sec_monitor - INFO - Starting S&P 500 data initialization
2025-02-20 09:26:44,377 - sec_monitor - INFO - Successfully loaded 503 S&P 500 tickers
2025-02-20 09:26:44,377 - sec_monitor - INFO - Successfully loaded 503 S&P 500 tickers
2025-02-20 09:26:44,377 - sec_monitor - INFO - Initializing components...
2025-02-20 09:26:44,377 - sec_monitor - INFO - Initializing components
2025-02-20 09:26:44,377 - sec_monitor - INFO - SEC fetcher initialized
2025-02-20 09:26:44,377 - sec_monitor - INFO - Filing analyzer initialized
2025-02-20 09:26:44,377 - sec_monitor - INFO - Alpaca clients initialized
2025-02-20 09:26:44,377 - sec_monitor - INFO - All components initialized successfully
2025-02-20 09:26:44,377 - sec_monitor - INFO - No existing JSON file found
2025-02-20 09:26:44,378 - sec_monitor - INFO - Starting new filing collection for today
2025-02-20 09:26:44,378 - sec_monitor - INFO - Fetching SEC filings...
2025-02-20 09:26:59,958 - sec_monitor - INFO - No more entries found
2025-02-20 09:26:59,959 - sec_monitor - INFO - Completed fetching. Found 221 total filings
2025-02-20 09:26:59,959 - sec_monitor - INFO - Found 2 new interesting filings
2025-02-20 09:26:59,959 - sec_monitor - INFO - Found 2 new filings to process
2025-02-20 09:26:59,959 - sec_monitor - INFO - Processing filing 1/2: YUM
2025-02-20 09:28:15,475 - sec_monitor - INFO - ==================================================
2025-02-20 09:28:15,475 - sec_monitor - INFO - Processing first chunk
2025-02-20 09:28:15,475 - sec_monitor - INFO - Timestamp: 2025-02-20 09:28:15
2025-02-20 09:28:16,951 - sec_monitor - INFO - token percentage = 38%
2025-02-20 09:28:16,951 - sec_monitor - INFO - Making API call - Attempt 1/3
2025-02-20 09:28:16,952 - sec_monitor - INFO - Timestamp: 2025-02-20 09:28:16
2025-02-20 09:28:30,480 - sec_monitor - INFO - API call successful
2025-02-20 09:29:00,494 - sec_monitor - INFO - ==================================================
2025-02-20 09:29:00,494 - sec_monitor - INFO - Processing middle chunk
2025-02-20 09:29:00,494 - sec_monitor - INFO - Timestamp: 2025-02-20 09:29:00
2025-02-20 09:29:02,097 - sec_monitor - INFO - token percentage = 47%
2025-02-20 09:29:02,098 - sec_monitor - INFO - Making API call - Attempt 1/3
2025-02-20 09:29:02,098 - sec_monitor - INFO - Timestamp: 2025-02-20 09:29:02
2025-02-20 09:29:18,056 - sec_monitor - INFO - API call successful
2025-02-20 09:29:48,068 - sec_monitor - INFO - ==================================================
2025-02-20 09:29:48,068 - sec_monitor - INFO - Processing middle chunk
2025-02-20 09:29:48,068 - sec_monitor - INFO - Timestamp: 2025-02-20 09:29:48
2025-02-20 09:29:49,093 - sec_monitor - INFO - token percentage = 46%
2025-02-20 09:29:49,093 - sec_monitor - INFO - Making API call - Attempt 1/3
2025-02-20 09:29:49,094 - sec_monitor - INFO - Timestamp: 2025-02-20 09:29:49
2025-02-20 09:30:03,587 - sec_monitor - INFO - API call successful
2025-02-20 09:30:33,617 - sec_monitor - INFO - ==================================================
2025-02-20 09:30:33,617 - sec_monitor - INFO - Processing middle chunk
2025-02-20 09:30:33,617 - sec_monitor - INFO - Timestamp: 2025-02-20 09:30:33
2025-02-20 09:30:34,242 - sec_monitor - INFO - token percentage = 70%
2025-02-20 09:30:34,242 - sec_monitor - INFO - Making API call - Attempt 1/3
2025-02-20 09:30:34,242 - sec_monitor - INFO - Timestamp: 2025-02-20 09:30:34
2025-02-20 09:30:58,171 - sec_monitor - INFO - API call successful
2025-02-20 09:31:28,201 - sec_monitor - INFO - ==================================================
2025-02-20 09:31:28,201 - sec_monitor - INFO - Processing middle chunk
2025-02-20 09:31:28,202 - sec_monitor - INFO - Timestamp: 2025-02-20 09:31:28
2025-02-20 09:31:29,624 - sec_monitor - INFO - token percentage = 48%
2025-02-20 09:31:29,624 - sec_monitor - INFO - Making API call - Attempt 1/3
2025-02-20 09:31:29,624 - sec_monitor - INFO - Timestamp: 2025-02-20 09:31:29
2025-02-20 09:31:45,441 - sec_monitor - INFO - API call successful
2025-02-20 09:32:15,463 - sec_monitor - INFO - ==================================================
2025-02-20 09:32:15,464 - sec_monitor - INFO - Processing last chunk
2025-02-20 09:32:15,464 - sec_monitor - INFO - Timestamp: 2025-02-20 09:32:15
2025-02-20 09:32:16,194 - sec_monitor - INFO - token percentage = 33%
2025-02-20 09:32:16,194 - sec_monitor - INFO - Making API call - Attempt 1/3
2025-02-20 09:32:16,194 - sec_monitor - INFO - Timestamp: 2025-02-20 09:32:16
2025-02-20 09:32:27,209 - sec_monitor - INFO - API call successful
2025-02-20 09:32:27,209 - sec_monitor - INFO - Making combine API call - Attempt 1/3
2025-02-20 09:32:27,209 - sec_monitor - INFO - Timestamp: 2025-02-20 09:32:27
2025-02-20 09:32:29,072 - sec_monitor - INFO - Combine API call successful
2025-02-20 09:32:30,073 - sec_monitor - INFO - Processing filing 2/2: PNW
2025-02-20 09:33:00,542 - sec_monitor - INFO - ==================================================
2025-02-20 09:33:00,542 - sec_monitor - INFO - Processing first chunk
2025-02-20 09:33:00,542 - sec_monitor - INFO - Timestamp: 2025-02-20 09:33:00
2025-02-20 09:33:00,740 - sec_monitor - INFO - token percentage = 3%
2025-02-20 09:33:00,740 - sec_monitor - INFO - Making API call - Attempt 1/3
2025-02-20 09:33:00,740 - sec_monitor - INFO - Timestamp: 2025-02-20 09:33:00
2025-02-20 09:33:02,692 - sec_monitor - INFO - API call successful
2025-02-20 09:33:03,694 - sec_monitor - INFO - Fetching supplementary data...
2025-02-20 09:33:04,336 - sec_monitor - INFO - filing_tickers type: <class 'list'>
2025-02-20 09:33:04,336 - sec_monitor - INFO - filing_data type: <class 'list'>
2025-02-20 09:33:06,122 - sec_monitor - INFO - Generating final output...
2025-02-20 09:33:06,122 - sec_monitor - INFO - Successfully saved/merged output to output/sec_filings.json
2025-02-20 09:33:06,123 - sec_monitor - INFO - Processing complete. Stats: {'input_words': 466899, 'output_words': 213, 'filings_processed': 2}
2025-02-20 16:23:56,273 - sec_monitor - INFO - Starting SEC filing monitor 
2025-02-20 16:23:56,274 - sec_monitor - INFO - Loading S&P 500 data...
2025-02-20 16:23:56,274 - sec_monitor - INFO - Starting S&P 500 data initialization
2025-02-20 16:23:56,274 - sec_monitor - INFO - Successfully loaded 503 S&P 500 tickers
2025-02-20 16:23:56,274 - sec_monitor - INFO - Successfully loaded 503 S&P 500 tickers
2025-02-20 16:23:56,274 - sec_monitor - INFO - Initializing components...
2025-02-20 16:23:56,274 - sec_monitor - INFO - Initializing components
2025-02-20 16:23:56,274 - sec_monitor - INFO - SEC fetcher initialized
2025-02-20 16:23:56,275 - sec_monitor - INFO - Filing analyzer initialized
2025-02-20 16:23:56,275 - sec_monitor - INFO - Alpaca clients initialized
2025-02-20 16:23:56,275 - sec_monitor - INFO - All components initialized successfully
2025-02-20 16:23:56,276 - sec_monitor - INFO - Found JSON file from today
2025-02-20 16:23:56,276 - sec_monitor - INFO - Found 0 previously processed filings
2025-02-20 16:23:56,276 - sec_monitor - INFO - Found 0 previously processed filings today
2025-02-20 16:23:56,276 - sec_monitor - INFO - Fetching SEC filings...
2025-02-20 16:24:12,696 - sec_monitor - INFO - No more entries found
2025-02-20 16:24:12,696 - sec_monitor - INFO - Completed fetching. Found 139 total filings
2025-02-20 16:24:12,697 - sec_monitor - INFO - Found 20 new interesting filings
2025-02-20 16:24:12,697 - sec_monitor - INFO - Found 20 new filings to process
2025-02-20 16:24:12,697 - sec_monitor - INFO - Processing filing 1/20: BALL
2025-02-20 16:26:31,606 - sec_monitor - INFO - ==================================================
2025-02-20 16:26:31,607 - sec_monitor - INFO - Processing first chunk
2025-02-20 16:26:31,607 - sec_monitor - INFO - Timestamp: 2025-02-20 16:26:31
2025-02-20 16:26:32,854 - sec_monitor - INFO - token percentage = 42%
2025-02-20 16:26:32,855 - sec_monitor - INFO - Making API call - Attempt 1/3
2025-02-20 16:26:32,855 - sec_monitor - INFO - Timestamp: 2025-02-20 16:26:32
2025-02-20 16:26:47,408 - sec_monitor - INFO - API call successful
2025-02-20 16:27:17,439 - sec_monitor - INFO - ==================================================
2025-02-20 16:27:17,439 - sec_monitor - INFO - Processing middle chunk
2025-02-20 16:27:17,439 - sec_monitor - INFO - Timestamp: 2025-02-20 16:27:17
2025-02-20 16:27:18,797 - sec_monitor - INFO - token percentage = 53%
2025-02-20 16:27:18,797 - sec_monitor - INFO - Making API call - Attempt 1/3
2025-02-20 16:27:18,797 - sec_monitor - INFO - Timestamp: 2025-02-20 16:27:18
2025-02-20 16:27:37,379 - sec_monitor - INFO - API call successful
2025-02-20 16:28:07,409 - sec_monitor - INFO - ==================================================
2025-02-20 16:28:07,410 - sec_monitor - INFO - Processing middle chunk
2025-02-20 16:28:07,410 - sec_monitor - INFO - Timestamp: 2025-02-20 16:28:07
2025-02-20 16:28:09,389 - sec_monitor - INFO - token percentage = 46%
2025-02-20 16:28:09,390 - sec_monitor - INFO - Making API call - Attempt 1/3
2025-02-20 16:28:09,390 - sec_monitor - INFO - Timestamp: 2025-02-20 16:28:09
2025-02-20 16:28:24,736 - sec_monitor - INFO - API call successful
2025-02-20 16:28:54,741 - sec_monitor - INFO - ==================================================
2025-02-20 16:28:54,741 - sec_monitor - INFO - Processing middle chunk
2025-02-20 16:28:54,741 - sec_monitor - INFO - Timestamp: 2025-02-20 16:28:54
2025-02-20 16:28:57,530 - sec_monitor - INFO - token percentage = 65%
2025-02-20 16:28:57,531 - sec_monitor - INFO - Making API call - Attempt 1/3
2025-02-20 16:28:57,531 - sec_monitor - INFO - Timestamp: 2025-02-20 16:28:57
2025-02-20 16:29:18,483 - sec_monitor - INFO - API call successful
2025-02-20 16:29:48,513 - sec_monitor - INFO - ==================================================
2025-02-20 16:29:48,513 - sec_monitor - INFO - Processing middle chunk
2025-02-20 16:29:48,513 - sec_monitor - INFO - Timestamp: 2025-02-20 16:29:48
2025-02-20 16:29:49,472 - sec_monitor - INFO - token percentage = 46%
2025-02-20 16:29:49,473 - sec_monitor - INFO - Making API call - Attempt 1/3
2025-02-20 16:29:49,473 - sec_monitor - INFO - Timestamp: 2025-02-20 16:29:49
2025-02-20 16:30:06,151 - sec_monitor - INFO - API call successful
2025-02-20 16:30:36,182 - sec_monitor - INFO - ==================================================
2025-02-20 16:30:36,182 - sec_monitor - INFO - Processing middle chunk
2025-02-20 16:30:36,182 - sec_monitor - INFO - Timestamp: 2025-02-20 16:30:36
2025-02-20 16:30:38,373 - sec_monitor - INFO - token percentage = 46%
2025-02-20 16:30:38,373 - sec_monitor - INFO - Making API call - Attempt 1/3
2025-02-20 16:30:38,373 - sec_monitor - INFO - Timestamp: 2025-02-20 16:30:38
2025-02-20 16:30:54,521 - sec_monitor - INFO - API call successful
2025-02-20 16:31:24,551 - sec_monitor - INFO - ==================================================
2025-02-20 16:31:24,551 - sec_monitor - INFO - Processing last chunk
2025-02-20 16:31:24,551 - sec_monitor - INFO - Timestamp: 2025-02-20 16:31:24
2025-02-20 16:31:25,454 - sec_monitor - INFO - token percentage = 41%
2025-02-20 16:31:25,454 - sec_monitor - INFO - Making API call - Attempt 1/3
2025-02-20 16:31:25,455 - sec_monitor - INFO - Timestamp: 2025-02-20 16:31:25
2025-02-20 16:31:39,051 - sec_monitor - INFO - API call successful
2025-02-20 16:31:39,051 - sec_monitor - INFO - Making combine API call - Attempt 1/3
2025-02-20 16:31:39,051 - sec_monitor - INFO - Timestamp: 2025-02-20 16:31:39
2025-02-20 16:31:40,327 - sec_monitor - INFO - Combine API call successful
2025-02-20 16:31:41,328 - sec_monitor - INFO - Processing filing 2/20: PWR
2025-02-20 16:33:21,917 - sec_monitor - INFO - ==================================================
2025-02-20 16:33:21,917 - sec_monitor - INFO - Processing first chunk
2025-02-20 16:33:21,917 - sec_monitor - INFO - Timestamp: 2025-02-20 16:33:21
2025-02-20 16:33:22,944 - sec_monitor - INFO - token percentage = 43%
2025-02-20 16:33:22,945 - sec_monitor - INFO - Making API call - Attempt 1/3
2025-02-20 16:33:22,945 - sec_monitor - INFO - Timestamp: 2025-02-20 16:33:22
2025-02-20 16:33:38,202 - sec_monitor - INFO - API call successful
2025-02-20 16:34:08,232 - sec_monitor - INFO - ==================================================
2025-02-20 16:34:08,232 - sec_monitor - INFO - Processing middle chunk
2025-02-20 16:34:08,232 - sec_monitor - INFO - Timestamp: 2025-02-20 16:34:08
2025-02-20 16:34:08,722 - sec_monitor - INFO - token percentage = 69%
2025-02-20 16:34:08,722 - sec_monitor - INFO - Making API call - Attempt 1/3
2025-02-20 16:34:08,722 - sec_monitor - INFO - Timestamp: 2025-02-20 16:34:08
2025-02-20 16:34:31,577 - sec_monitor - INFO - API call successful
2025-02-20 16:35:01,607 - sec_monitor - INFO - ==================================================
2025-02-20 16:35:01,608 - sec_monitor - INFO - Processing middle chunk
2025-02-20 16:35:01,608 - sec_monitor - INFO - Timestamp: 2025-02-20 16:35:01
2025-02-20 16:35:02,703 - sec_monitor - INFO - token percentage = 45%
2025-02-20 16:35:02,703 - sec_monitor - INFO - Making API call - Attempt 1/3
2025-02-20 16:35:02,703 - sec_monitor - INFO - Timestamp: 2025-02-20 16:35:02
2025-02-20 16:35:17,482 - sec_monitor - INFO - API call successful
2025-02-20 16:35:47,492 - sec_monitor - INFO - ==================================================
2025-02-20 16:35:47,492 - sec_monitor - INFO - Processing middle chunk
2025-02-20 16:35:47,492 - sec_monitor - INFO - Timestamp: 2025-02-20 16:35:47
2025-02-20 16:35:48,292 - sec_monitor - INFO - token percentage = 37%
2025-02-20 16:35:48,292 - sec_monitor - INFO - Making API call - Attempt 1/3
2025-02-20 16:35:48,293 - sec_monitor - INFO - Timestamp: 2025-02-20 16:35:48
2025-02-20 16:36:01,095 - sec_monitor - INFO - API call successful
2025-02-20 16:36:31,125 - sec_monitor - INFO - ==================================================
2025-02-20 16:36:31,126 - sec_monitor - INFO - Processing middle chunk
2025-02-20 16:36:31,126 - sec_monitor - INFO - Timestamp: 2025-02-20 16:36:31
2025-02-20 16:36:31,770 - sec_monitor - INFO - token percentage = 63%
2025-02-20 16:36:31,770 - sec_monitor - INFO - Making API call - Attempt 1/3
2025-02-20 16:36:31,770 - sec_monitor - INFO - Timestamp: 2025-02-20 16:36:31
2025-02-20 16:36:52,096 - sec_monitor - INFO - API call successful
2025-02-20 16:37:22,121 - sec_monitor - INFO - ==================================================
2025-02-20 16:37:22,121 - sec_monitor - INFO - Processing middle chunk
2025-02-20 16:37:22,121 - sec_monitor - INFO - Timestamp: 2025-02-20 16:37:22
2025-02-20 16:37:22,854 - sec_monitor - INFO - token percentage = 42%
2025-02-20 16:37:22,855 - sec_monitor - INFO - Making API call - Attempt 1/3
2025-02-20 16:37:22,855 - sec_monitor - INFO - Timestamp: 2025-02-20 16:37:22
2025-02-20 16:37:37,374 - sec_monitor - INFO - API call successful
2025-02-20 16:38:07,404 - sec_monitor - INFO - ==================================================
2025-02-20 16:38:07,405 - sec_monitor - INFO - Processing last chunk
2025-02-20 16:38:07,405 - sec_monitor - INFO - Timestamp: 2025-02-20 16:38:07
2025-02-20 16:38:08,364 - sec_monitor - INFO - token percentage = 48%
2025-02-20 16:38:08,365 - sec_monitor - INFO - Making API call - Attempt 1/3
2025-02-20 16:38:08,365 - sec_monitor - INFO - Timestamp: 2025-02-20 16:38:08
2025-02-20 16:38:23,546 - sec_monitor - INFO - API call successful
2025-02-20 16:38:23,546 - sec_monitor - INFO - Making combine API call - Attempt 1/3
2025-02-20 16:38:23,546 - sec_monitor - INFO - Timestamp: 2025-02-20 16:38:23
2025-02-20 16:38:31,752 - sec_monitor - INFO - Combine API call successful
2025-02-20 16:38:32,753 - sec_monitor - INFO - Processing filing 3/20: TER
2025-02-20 16:41:57,013 - sec_monitor - INFO - ==================================================
2025-02-20 16:41:57,013 - sec_monitor - INFO - Processing first chunk
2025-02-20 16:41:57,013 - sec_monitor - INFO - Timestamp: 2025-02-20 16:41:57
2025-02-20 16:41:57,850 - sec_monitor - INFO - token percentage = 62%
2025-02-20 16:41:57,851 - sec_monitor - INFO - Making API call - Attempt 1/3
2025-02-20 16:41:57,851 - sec_monitor - INFO - Timestamp: 2025-02-20 16:41:57
2025-02-20 16:42:18,544 - sec_monitor - INFO - API call successful
2025-02-20 16:42:48,575 - sec_monitor - INFO - ==================================================
2025-02-20 16:42:48,575 - sec_monitor - INFO - Processing middle chunk
2025-02-20 16:42:48,575 - sec_monitor - INFO - Timestamp: 2025-02-20 16:42:48
2025-02-20 16:42:49,373 - sec_monitor - INFO - token percentage = 35%
2025-02-20 16:42:49,373 - sec_monitor - INFO - Making API call - Attempt 1/3
2025-02-20 16:42:49,374 - sec_monitor - INFO - Timestamp: 2025-02-20 16:42:49
2025-02-20 16:43:01,347 - sec_monitor - INFO - API call successful
2025-02-20 16:43:31,378 - sec_monitor - INFO - ==================================================
2025-02-20 16:43:31,378 - sec_monitor - INFO - Processing middle chunk
2025-02-20 16:43:31,378 - sec_monitor - INFO - Timestamp: 2025-02-20 16:43:31
2025-02-20 16:43:32,358 - sec_monitor - INFO - token percentage = 52%
2025-02-20 16:43:32,358 - sec_monitor - INFO - Making API call - Attempt 1/3
2025-02-20 16:43:32,358 - sec_monitor - INFO - Timestamp: 2025-02-20 16:43:32
2025-02-20 16:43:48,465 - sec_monitor - INFO - API call successful
2025-02-20 16:44:18,471 - sec_monitor - INFO - ==================================================
2025-02-20 16:44:18,472 - sec_monitor - INFO - Processing middle chunk
2025-02-20 16:44:18,472 - sec_monitor - INFO - Timestamp: 2025-02-20 16:44:18
2025-02-20 16:44:19,213 - sec_monitor - INFO - token percentage = 38%
2025-02-20 16:44:19,213 - sec_monitor - INFO - Making API call - Attempt 1/3
2025-02-20 16:44:19,213 - sec_monitor - INFO - Timestamp: 2025-02-20 16:44:19
2025-02-20 16:44:32,551 - sec_monitor - INFO - API call successful
2025-02-20 16:45:02,559 - sec_monitor - INFO - ==================================================
2025-02-20 16:45:02,559 - sec_monitor - INFO - Processing middle chunk
2025-02-20 16:45:02,559 - sec_monitor - INFO - Timestamp: 2025-02-20 16:45:02
2025-02-20 16:45:03,026 - sec_monitor - INFO - token percentage = 72%
2025-02-20 16:45:03,026 - sec_monitor - INFO - Making API call - Attempt 1/3
2025-02-20 16:45:03,026 - sec_monitor - INFO - Timestamp: 2025-02-20 16:45:03
2025-02-20 16:45:26,995 - sec_monitor - INFO - API call successful
2025-02-20 16:45:57,018 - sec_monitor - INFO - ==================================================
2025-02-20 16:45:57,018 - sec_monitor - INFO - Processing middle chunk
2025-02-20 16:45:57,018 - sec_monitor - INFO - Timestamp: 2025-02-20 16:45:57
2025-02-20 16:45:57,756 - sec_monitor - INFO - token percentage = 56%
2025-02-20 16:45:57,757 - sec_monitor - INFO - Making API call - Attempt 1/3
2025-02-20 16:45:57,757 - sec_monitor - INFO - Timestamp: 2025-02-20 16:45:57
2025-02-20 16:46:15,772 - sec_monitor - INFO - API call successful
2025-02-20 16:46:45,802 - sec_monitor - INFO - ==================================================
2025-02-20 16:46:45,803 - sec_monitor - INFO - Processing middle chunk
2025-02-20 16:46:45,803 - sec_monitor - INFO - Timestamp: 2025-02-20 16:46:45
2025-02-20 16:46:47,199 - sec_monitor - INFO - token percentage = 47%
2025-02-20 16:46:47,199 - sec_monitor - INFO - Making API call - Attempt 1/3
2025-02-20 16:46:47,199 - sec_monitor - INFO - Timestamp: 2025-02-20 16:46:47
2025-02-20 16:47:02,812 - sec_monitor - INFO - API call successful
2025-02-20 16:47:32,814 - sec_monitor - INFO - ==================================================
2025-02-20 16:47:32,814 - sec_monitor - INFO - Processing middle chunk
2025-02-20 16:47:32,815 - sec_monitor - INFO - Timestamp: 2025-02-20 16:47:32
2025-02-20 16:47:33,638 - sec_monitor - INFO - token percentage = 47%
2025-02-20 16:47:33,639 - sec_monitor - INFO - Making API call - Attempt 1/3
2025-02-20 16:47:33,639 - sec_monitor - INFO - Timestamp: 2025-02-20 16:47:33
2025-02-20 16:47:49,614 - sec_monitor - INFO - API call successful
2025-02-20 16:48:19,644 - sec_monitor - INFO - ==================================================
2025-02-20 16:48:19,644 - sec_monitor - INFO - Processing middle chunk
2025-02-20 16:48:19,645 - sec_monitor - INFO - Timestamp: 2025-02-20 16:48:19
2025-02-20 16:48:21,534 - sec_monitor - INFO - token percentage = 46%
2025-02-20 16:48:21,535 - sec_monitor - INFO - Making API call - Attempt 1/3
2025-02-20 16:48:21,535 - sec_monitor - INFO - Timestamp: 2025-02-20 16:48:21
2025-02-20 16:48:37,912 - sec_monitor - INFO - API call successful
2025-02-20 16:49:07,943 - sec_monitor - INFO - ==================================================
2025-02-20 16:49:07,943 - sec_monitor - INFO - Processing middle chunk
2025-02-20 16:49:07,943 - sec_monitor - INFO - Timestamp: 2025-02-20 16:49:07
2025-02-20 16:49:11,127 - sec_monitor - INFO - token percentage = 46%
2025-02-20 16:49:11,127 - sec_monitor - INFO - Making API call - Attempt 1/3
2025-02-20 16:49:11,127 - sec_monitor - INFO - Timestamp: 2025-02-20 16:49:11
2025-02-20 16:49:26,431 - sec_monitor - INFO - API call successful
2025-02-20 16:49:56,445 - sec_monitor - INFO - ==================================================
2025-02-20 16:49:56,445 - sec_monitor - INFO - Processing middle chunk
2025-02-20 16:49:56,445 - sec_monitor - INFO - Timestamp: 2025-02-20 16:49:56
2025-02-20 16:49:57,479 - sec_monitor - INFO - token percentage = 46%
2025-02-20 16:49:57,480 - sec_monitor - INFO - Making API call - Attempt 1/3
2025-02-20 16:49:57,480 - sec_monitor - INFO - Timestamp: 2025-02-20 16:49:57
2025-02-20 16:50:14,261 - sec_monitor - INFO - API call successful
2025-02-20 16:50:44,292 - sec_monitor - INFO - ==================================================
2025-02-20 16:50:44,292 - sec_monitor - INFO - Processing last chunk
2025-02-20 16:50:44,292 - sec_monitor - INFO - Timestamp: 2025-02-20 16:50:44
2025-02-20 16:50:45,477 - sec_monitor - INFO - token percentage = 44%
2025-02-20 16:50:45,478 - sec_monitor - INFO - Making API call - Attempt 1/3
2025-02-20 16:50:45,478 - sec_monitor - INFO - Timestamp: 2025-02-20 16:50:45
2025-02-20 16:51:00,009 - sec_monitor - INFO - API call successful
2025-02-20 16:51:00,010 - sec_monitor - INFO - Making combine API call - Attempt 1/3
2025-02-20 16:51:00,010 - sec_monitor - INFO - Timestamp: 2025-02-20 16:51:00
2025-02-20 16:51:01,385 - sec_monitor - INFO - Combine API call successful
2025-02-20 16:51:02,387 - sec_monitor - INFO - Processing filing 4/20: POOL
2025-02-20 16:51:33,178 - sec_monitor - INFO - ==================================================
2025-02-20 16:51:33,178 - sec_monitor - INFO - Processing first chunk
2025-02-20 16:51:33,178 - sec_monitor - INFO - Timestamp: 2025-02-20 16:51:33
2025-02-20 16:51:33,266 - sec_monitor - INFO - token percentage = 5%
2025-02-20 16:51:33,266 - sec_monitor - INFO - Making API call - Attempt 1/3
2025-02-20 16:51:33,266 - sec_monitor - INFO - Timestamp: 2025-02-20 16:51:33
2025-02-20 16:51:36,608 - sec_monitor - INFO - API call successful
2025-02-20 16:51:37,610 - sec_monitor - INFO - Processing filing 5/20: FI
2025-02-20 16:52:53,186 - sec_monitor - INFO - ==================================================
2025-02-20 16:52:53,186 - sec_monitor - INFO - Processing first chunk
2025-02-20 16:52:53,186 - sec_monitor - INFO - Timestamp: 2025-02-20 16:52:53
2025-02-20 16:52:54,152 - sec_monitor - INFO - token percentage = 42%
2025-02-20 16:52:54,152 - sec_monitor - INFO - Making API call - Attempt 1/3
2025-02-20 16:52:54,153 - sec_monitor - INFO - Timestamp: 2025-02-20 16:52:54
2025-02-20 16:53:08,540 - sec_monitor - INFO - API call successful
2025-02-20 16:53:38,561 - sec_monitor - INFO - ==================================================
2025-02-20 16:53:38,561 - sec_monitor - INFO - Processing middle chunk
2025-02-20 16:53:38,561 - sec_monitor - INFO - Timestamp: 2025-02-20 16:53:38
2025-02-20 16:53:40,171 - sec_monitor - INFO - token percentage = 48%
2025-02-20 16:53:40,172 - sec_monitor - INFO - Making API call - Attempt 1/3
2025-02-20 16:53:40,172 - sec_monitor - INFO - Timestamp: 2025-02-20 16:53:40
2025-02-20 16:53:57,903 - sec_monitor - INFO - API call successful
2025-02-20 16:54:27,933 - sec_monitor - INFO - ==================================================
2025-02-20 16:54:27,934 - sec_monitor - INFO - Processing middle chunk
2025-02-20 16:54:27,934 - sec_monitor - INFO - Timestamp: 2025-02-20 16:54:27
2025-02-20 16:54:29,687 - sec_monitor - INFO - token percentage = 42%
2025-02-20 16:54:29,687 - sec_monitor - INFO - Making API call - Attempt 1/3
2025-02-20 16:54:29,688 - sec_monitor - INFO - Timestamp: 2025-02-20 16:54:29
2025-02-20 16:54:42,850 - sec_monitor - INFO - API call successful
2025-02-20 16:55:12,853 - sec_monitor - INFO - ==================================================
2025-02-20 16:55:12,853 - sec_monitor - INFO - Processing middle chunk
2025-02-20 16:55:12,853 - sec_monitor - INFO - Timestamp: 2025-02-20 16:55:12
2025-02-20 16:55:13,342 - sec_monitor - INFO - token percentage = 72%
2025-02-20 16:55:13,342 - sec_monitor - INFO - Making API call - Attempt 1/3
2025-02-20 16:55:13,343 - sec_monitor - INFO - Timestamp: 2025-02-20 16:55:13
2025-02-20 16:55:37,340 - sec_monitor - INFO - API call successful
2025-02-20 16:56:07,344 - sec_monitor - INFO - ==================================================
2025-02-20 16:56:07,344 - sec_monitor - INFO - Processing middle chunk
2025-02-20 16:56:07,345 - sec_monitor - INFO - Timestamp: 2025-02-20 16:56:07
2025-02-20 16:56:08,175 - sec_monitor - INFO - token percentage = 46%
2025-02-20 16:56:08,175 - sec_monitor - INFO - Making API call - Attempt 1/3
2025-02-20 16:56:08,175 - sec_monitor - INFO - Timestamp: 2025-02-20 16:56:08
2025-02-20 16:56:23,983 - sec_monitor - INFO - API call successful
2025-02-20 16:56:54,013 - sec_monitor - INFO - ==================================================
2025-02-20 16:56:54,014 - sec_monitor - INFO - Processing last chunk
2025-02-20 16:56:54,014 - sec_monitor - INFO - Timestamp: 2025-02-20 16:56:54
2025-02-20 16:56:54,525 - sec_monitor - INFO - token percentage = 29%
2025-02-20 16:56:54,525 - sec_monitor - INFO - Making API call - Attempt 1/3
2025-02-20 16:56:54,525 - sec_monitor - INFO - Timestamp: 2025-02-20 16:56:54
2025-02-20 16:57:04,518 - sec_monitor - INFO - API call successful
2025-02-20 16:57:04,518 - sec_monitor - INFO - Making combine API call - Attempt 1/3
2025-02-20 16:57:04,518 - sec_monitor - INFO - Timestamp: 2025-02-20 16:57:04
2025-02-20 16:57:05,496 - sec_monitor - INFO - Combine API call successful
2025-02-20 16:57:06,497 - sec_monitor - INFO - Processing filing 6/20: BAX
2025-02-20 16:57:37,805 - sec_monitor - INFO - ==================================================
2025-02-20 16:57:37,805 - sec_monitor - INFO - Processing first chunk
2025-02-20 16:57:37,806 - sec_monitor - INFO - Timestamp: 2025-02-20 16:57:37
2025-02-20 16:57:37,917 - sec_monitor - INFO - token percentage = 9%
2025-02-20 16:57:37,917 - sec_monitor - INFO - Making API call - Attempt 1/3
2025-02-20 16:57:37,917 - sec_monitor - INFO - Timestamp: 2025-02-20 16:57:37
2025-02-20 16:57:42,401 - sec_monitor - INFO - API call successful
2025-02-20 16:57:43,402 - sec_monitor - INFO - Processing filing 7/20: BLDR
2025-02-20 16:58:16,212 - sec_monitor - INFO - ==================================================
2025-02-20 16:58:16,212 - sec_monitor - INFO - Processing first chunk
2025-02-20 16:58:16,212 - sec_monitor - INFO - Timestamp: 2025-02-20 16:58:16
2025-02-20 16:58:16,366 - sec_monitor - INFO - token percentage = 20%
2025-02-20 16:58:16,366 - sec_monitor - INFO - Making API call - Attempt 1/3
2025-02-20 16:58:16,367 - sec_monitor - INFO - Timestamp: 2025-02-20 16:58:16
2025-02-20 16:58:23,870 - sec_monitor - INFO - API call successful
2025-02-20 16:58:24,872 - sec_monitor - INFO - Processing filing 8/20: PWR
2025-02-20 16:58:59,652 - sec_monitor - INFO - ==================================================
2025-02-20 16:58:59,652 - sec_monitor - INFO - Processing first chunk
2025-02-20 16:58:59,652 - sec_monitor - INFO - Timestamp: 2025-02-20 16:58:59
2025-02-20 16:58:59,951 - sec_monitor - INFO - token percentage = 25%
2025-02-20 16:58:59,951 - sec_monitor - INFO - Making API call - Attempt 1/3
2025-02-20 16:58:59,951 - sec_monitor - INFO - Timestamp: 2025-02-20 16:58:59
2025-02-20 16:59:08,498 - sec_monitor - INFO - API call successful
2025-02-20 16:59:09,499 - sec_monitor - INFO - Processing filing 9/20: WMT
2025-02-20 17:05:40,866 - sec_monitor - ERROR - Error processing filing WMT: 400 Request payload size exceeds the limit: 20971520 bytes.
2025-02-20 17:05:40,867 - sec_monitor - INFO - Processing filing 10/20: HAS
2025-02-20 17:06:12,913 - sec_monitor - INFO - ==================================================
2025-02-20 17:06:12,913 - sec_monitor - INFO - Processing first chunk
2025-02-20 17:06:12,914 - sec_monitor - INFO - Timestamp: 2025-02-20 17:06:12
2025-02-20 17:06:13,064 - sec_monitor - INFO - token percentage = 25%
2025-02-20 17:06:13,065 - sec_monitor - INFO - Making API call - Attempt 1/3
2025-02-20 17:06:13,065 - sec_monitor - INFO - Timestamp: 2025-02-20 17:06:13
2025-02-20 17:06:21,275 - sec_monitor - INFO - API call successful
2025-02-20 17:06:22,277 - sec_monitor - INFO - Processing filing 11/20: LKQ
2025-02-20 17:06:53,460 - sec_monitor - INFO - ==================================================
2025-02-20 17:06:53,461 - sec_monitor - INFO - Processing first chunk
2025-02-20 17:06:53,461 - sec_monitor - INFO - Timestamp: 2025-02-20 17:06:53
2025-02-20 17:06:53,573 - sec_monitor - INFO - token percentage = 7%
2025-02-20 17:06:53,574 - sec_monitor - INFO - Making API call - Attempt 1/3
2025-02-20 17:06:53,574 - sec_monitor - INFO - Timestamp: 2025-02-20 17:06:53
2025-02-20 17:06:57,991 - sec_monitor - INFO - API call successful
2025-02-20 17:06:58,992 - sec_monitor - INFO - Processing filing 12/20: CNP
2025-02-20 17:08:17,995 - sec_monitor - INFO - ==================================================
2025-02-20 17:08:17,995 - sec_monitor - INFO - Processing first chunk
2025-02-20 17:08:17,995 - sec_monitor - INFO - Timestamp: 2025-02-20 17:08:17
2025-02-20 17:08:19,059 - sec_monitor - INFO - token percentage = 47%
2025-02-20 17:08:19,060 - sec_monitor - INFO - Making API call - Attempt 1/3
2025-02-20 17:08:19,060 - sec_monitor - INFO - Timestamp: 2025-02-20 17:08:19
2025-02-20 17:08:33,618 - sec_monitor - INFO - API call successful
2025-02-20 17:09:03,637 - sec_monitor - INFO - ==================================================
2025-02-20 17:09:03,637 - sec_monitor - INFO - Processing middle chunk
2025-02-20 17:09:03,637 - sec_monitor - INFO - Timestamp: 2025-02-20 17:09:03
2025-02-20 17:09:03,924 - sec_monitor - INFO - token percentage = 52%
2025-02-20 17:09:03,924 - sec_monitor - INFO - Making API call - Attempt 1/3
2025-02-20 17:09:03,924 - sec_monitor - INFO - Timestamp: 2025-02-20 17:09:03
2025-02-20 17:09:19,480 - sec_monitor - INFO - API call successful
2025-02-20 17:09:49,510 - sec_monitor - INFO - ==================================================
2025-02-20 17:09:49,510 - sec_monitor - INFO - Processing middle chunk
2025-02-20 17:09:49,510 - sec_monitor - INFO - Timestamp: 2025-02-20 17:09:49
2025-02-20 17:09:49,736 - sec_monitor - INFO - token percentage = 51%
2025-02-20 17:09:49,737 - sec_monitor - INFO - Making API call - Attempt 1/3
2025-02-20 17:09:49,737 - sec_monitor - INFO - Timestamp: 2025-02-20 17:09:49
2025-02-20 17:10:05,066 - sec_monitor - INFO - API call successful
2025-02-20 17:10:35,096 - sec_monitor - INFO - ==================================================
2025-02-20 17:10:35,096 - sec_monitor - INFO - Processing middle chunk
2025-02-20 17:10:35,097 - sec_monitor - INFO - Timestamp: 2025-02-20 17:10:35
2025-02-20 17:10:35,316 - sec_monitor - INFO - token percentage = 50%
2025-02-20 17:10:35,316 - sec_monitor - INFO - Making API call - Attempt 1/3
2025-02-20 17:10:35,316 - sec_monitor - INFO - Timestamp: 2025-02-20 17:10:35
2025-02-20 17:10:50,249 - sec_monitor - INFO - API call successful
2025-02-20 17:11:20,279 - sec_monitor - INFO - ==================================================
2025-02-20 17:11:20,279 - sec_monitor - INFO - Processing middle chunk
2025-02-20 17:11:20,279 - sec_monitor - INFO - Timestamp: 2025-02-20 17:11:20
2025-02-20 17:11:20,587 - sec_monitor - INFO - token percentage = 51%
2025-02-20 17:11:20,587 - sec_monitor - INFO - Making API call - Attempt 1/3
2025-02-20 17:11:20,587 - sec_monitor - INFO - Timestamp: 2025-02-20 17:11:20
2025-02-20 17:11:36,253 - sec_monitor - INFO - API call successful
2025-02-20 17:12:06,284 - sec_monitor - INFO - ==================================================
2025-02-20 17:12:06,284 - sec_monitor - INFO - Processing middle chunk
2025-02-20 17:12:06,284 - sec_monitor - INFO - Timestamp: 2025-02-20 17:12:06
2025-02-20 17:12:07,315 - sec_monitor - INFO - token percentage = 49%
2025-02-20 17:12:07,315 - sec_monitor - INFO - Making API call - Attempt 1/3
2025-02-20 17:12:07,315 - sec_monitor - INFO - Timestamp: 2025-02-20 17:12:07
2025-02-20 17:12:22,115 - sec_monitor - INFO - API call successful
2025-02-20 17:12:52,125 - sec_monitor - INFO - ==================================================
2025-02-20 17:12:52,125 - sec_monitor - INFO - Processing middle chunk
2025-02-20 17:12:52,125 - sec_monitor - INFO - Timestamp: 2025-02-20 17:12:52
2025-02-20 17:12:52,362 - sec_monitor - INFO - token percentage = 50%
2025-02-20 17:12:52,362 - sec_monitor - INFO - Making API call - Attempt 1/3
2025-02-20 17:12:52,362 - sec_monitor - INFO - Timestamp: 2025-02-20 17:12:52
2025-02-20 17:13:07,499 - sec_monitor - INFO - API call successful
2025-02-20 17:13:37,505 - sec_monitor - INFO - ==================================================
2025-02-20 17:13:37,505 - sec_monitor - INFO - Processing last chunk
2025-02-20 17:13:37,505 - sec_monitor - INFO - Timestamp: 2025-02-20 17:13:37
2025-02-20 17:13:37,649 - sec_monitor - INFO - token percentage = 26%
2025-02-20 17:13:37,649 - sec_monitor - INFO - Making API call - Attempt 1/3
2025-02-20 17:13:37,649 - sec_monitor - INFO - Timestamp: 2025-02-20 17:13:37
2025-02-20 17:13:45,397 - sec_monitor - INFO - API call successful
2025-02-20 17:13:45,398 - sec_monitor - INFO - Making combine API call - Attempt 1/3
2025-02-20 17:13:45,398 - sec_monitor - INFO - Timestamp: 2025-02-20 17:13:45
2025-02-20 17:13:46,476 - sec_monitor - INFO - Combine API call successful
2025-02-20 17:13:47,478 - sec_monitor - INFO - Processing filing 13/20: TRGP
2025-02-20 17:14:19,777 - sec_monitor - INFO - ==================================================
2025-02-20 17:14:19,777 - sec_monitor - INFO - Processing first chunk
2025-02-20 17:14:19,777 - sec_monitor - INFO - Timestamp: 2025-02-20 17:14:19
2025-02-20 17:14:19,965 - sec_monitor - INFO - token percentage = 12%
2025-02-20 17:14:19,965 - sec_monitor - INFO - Making API call - Attempt 1/3
2025-02-20 17:14:19,965 - sec_monitor - INFO - Timestamp: 2025-02-20 17:14:19
2025-02-20 17:14:24,793 - sec_monitor - INFO - API call successful
2025-02-20 17:14:25,795 - sec_monitor - INFO - Processing filing 14/20: CNP
2025-02-20 17:28:44,570 - sec_monitor - ERROR - Error processing filing CNP: 400 Request payload size exceeds the limit: 20971520 bytes.
2025-02-20 17:28:44,570 - sec_monitor - INFO - Processing filing 15/20: NXPI
2025-02-20 17:30:52,988 - sec_monitor - INFO - ==================================================
2025-02-20 17:30:52,988 - sec_monitor - INFO - Processing first chunk
2025-02-20 17:30:52,988 - sec_monitor - INFO - Timestamp: 2025-02-20 17:30:52
2025-02-20 17:30:53,672 - sec_monitor - INFO - token percentage = 39%
2025-02-20 17:30:53,673 - sec_monitor - INFO - Making API call - Attempt 1/3
2025-02-20 17:30:53,673 - sec_monitor - INFO - Timestamp: 2025-02-20 17:30:53
2025-02-20 17:31:05,965 - sec_monitor - INFO - API call successful
2025-02-20 17:31:35,996 - sec_monitor - INFO - ==================================================
2025-02-20 17:31:35,996 - sec_monitor - INFO - Processing middle chunk
2025-02-20 17:31:35,996 - sec_monitor - INFO - Timestamp: 2025-02-20 17:31:35
2025-02-20 17:31:36,331 - sec_monitor - INFO - token percentage = 67%
2025-02-20 17:31:36,331 - sec_monitor - INFO - Making API call - Attempt 1/3
2025-02-20 17:31:36,331 - sec_monitor - INFO - Timestamp: 2025-02-20 17:31:36
2025-02-20 17:31:57,252 - sec_monitor - INFO - API call successful
2025-02-20 17:32:27,282 - sec_monitor - INFO - ==================================================
2025-02-20 17:32:27,282 - sec_monitor - INFO - Processing middle chunk
2025-02-20 17:32:27,283 - sec_monitor - INFO - Timestamp: 2025-02-20 17:32:27
2025-02-20 17:32:27,899 - sec_monitor - INFO - token percentage = 49%
2025-02-20 17:32:27,899 - sec_monitor - INFO - Making API call - Attempt 1/3
2025-02-20 17:32:27,899 - sec_monitor - INFO - Timestamp: 2025-02-20 17:32:27
2025-02-20 17:32:44,426 - sec_monitor - INFO - API call successful
2025-02-20 17:33:14,457 - sec_monitor - INFO - ==================================================
2025-02-20 17:33:14,457 - sec_monitor - INFO - Processing middle chunk
2025-02-20 17:33:14,457 - sec_monitor - INFO - Timestamp: 2025-02-20 17:33:14
2025-02-20 17:33:15,100 - sec_monitor - INFO - token percentage = 35%
2025-02-20 17:33:15,101 - sec_monitor - INFO - Making API call - Attempt 1/3
2025-02-20 17:33:15,101 - sec_monitor - INFO - Timestamp: 2025-02-20 17:33:15
2025-02-20 17:33:26,066 - sec_monitor - INFO - API call successful
2025-02-20 17:33:56,097 - sec_monitor - INFO - ==================================================
2025-02-20 17:33:56,097 - sec_monitor - INFO - Processing middle chunk
2025-02-20 17:33:56,097 - sec_monitor - INFO - Timestamp: 2025-02-20 17:33:56
2025-02-20 17:33:57,107 - sec_monitor - INFO - token percentage = 34%
2025-02-20 17:33:57,107 - sec_monitor - INFO - Making API call - Attempt 1/3
2025-02-20 17:33:57,107 - sec_monitor - INFO - Timestamp: 2025-02-20 17:33:57
2025-02-20 17:34:07,892 - sec_monitor - INFO - API call successful
2025-02-20 17:34:37,909 - sec_monitor - INFO - ==================================================
2025-02-20 17:34:37,909 - sec_monitor - INFO - Processing middle chunk
2025-02-20 17:34:37,909 - sec_monitor - INFO - Timestamp: 2025-02-20 17:34:37
2025-02-20 17:34:38,290 - sec_monitor - INFO - token percentage = 43%
2025-02-20 17:34:38,290 - sec_monitor - INFO - Making API call - Attempt 1/3
2025-02-20 17:34:38,290 - sec_monitor - INFO - Timestamp: 2025-02-20 17:34:38
2025-02-20 17:34:51,544 - sec_monitor - INFO - API call successful
2025-02-20 17:35:21,575 - sec_monitor - INFO - ==================================================
2025-02-20 17:35:21,575 - sec_monitor - INFO - Processing middle chunk
2025-02-20 17:35:21,575 - sec_monitor - INFO - Timestamp: 2025-02-20 17:35:21
2025-02-20 17:35:22,130 - sec_monitor - INFO - token percentage = 57%
2025-02-20 17:35:22,131 - sec_monitor - INFO - Making API call - Attempt 1/3
2025-02-20 17:35:22,131 - sec_monitor - INFO - Timestamp: 2025-02-20 17:35:22
2025-02-20 17:35:40,140 - sec_monitor - INFO - API call successful
2025-02-20 17:36:10,170 - sec_monitor - INFO - ==================================================
2025-02-20 17:36:10,170 - sec_monitor - INFO - Processing middle chunk
2025-02-20 17:36:10,171 - sec_monitor - INFO - Timestamp: 2025-02-20 17:36:10
2025-02-20 17:36:10,668 - sec_monitor - INFO - token percentage = 35%
2025-02-20 17:36:10,668 - sec_monitor - INFO - Making API call - Attempt 1/3
2025-02-20 17:36:10,668 - sec_monitor - INFO - Timestamp: 2025-02-20 17:36:10
2025-02-20 17:36:21,953 - sec_monitor - INFO - API call successful
2025-02-20 17:36:51,984 - sec_monitor - INFO - ==================================================
2025-02-20 17:36:51,984 - sec_monitor - INFO - Processing middle chunk
2025-02-20 17:36:51,984 - sec_monitor - INFO - Timestamp: 2025-02-20 17:36:51
2025-02-20 17:36:52,481 - sec_monitor - INFO - token percentage = 51%
2025-02-20 17:36:52,481 - sec_monitor - INFO - Making API call - Attempt 1/3
2025-02-20 17:36:52,481 - sec_monitor - INFO - Timestamp: 2025-02-20 17:36:52
2025-02-20 17:37:09,325 - sec_monitor - INFO - API call successful
2025-02-20 17:37:39,356 - sec_monitor - INFO - ==================================================
2025-02-20 17:37:39,356 - sec_monitor - INFO - Processing middle chunk
2025-02-20 17:37:39,356 - sec_monitor - INFO - Timestamp: 2025-02-20 17:37:39
2025-02-20 17:37:39,643 - sec_monitor - INFO - token percentage = 69%
2025-02-20 17:37:39,643 - sec_monitor - INFO - Making API call - Attempt 1/3
2025-02-20 17:37:39,643 - sec_monitor - INFO - Timestamp: 2025-02-20 17:37:39
2025-02-20 17:38:01,083 - sec_monitor - INFO - API call successful
2025-02-20 17:38:31,088 - sec_monitor - INFO - ==================================================
2025-02-20 17:38:31,088 - sec_monitor - INFO - Processing middle chunk
2025-02-20 17:38:31,088 - sec_monitor - INFO - Timestamp: 2025-02-20 17:38:31
2025-02-20 17:38:31,441 - sec_monitor - INFO - token percentage = 68%
2025-02-20 17:38:31,442 - sec_monitor - INFO - Making API call - Attempt 1/3
2025-02-20 17:38:31,442 - sec_monitor - INFO - Timestamp: 2025-02-20 17:38:31
2025-02-20 17:39:00,619 - sec_monitor - INFO - API call successful
2025-02-20 17:39:30,650 - sec_monitor - INFO - ==================================================
2025-02-20 17:39:30,650 - sec_monitor - INFO - Processing last chunk
2025-02-20 17:39:30,650 - sec_monitor - INFO - Timestamp: 2025-02-20 17:39:30
2025-02-20 17:39:30,719 - sec_monitor - INFO - token percentage = 8%
2025-02-20 17:39:30,719 - sec_monitor - INFO - Making API call - Attempt 1/3
2025-02-20 17:39:30,719 - sec_monitor - INFO - Timestamp: 2025-02-20 17:39:30
2025-02-20 17:39:33,946 - sec_monitor - INFO - API call successful
2025-02-20 17:39:33,946 - sec_monitor - INFO - Making combine API call - Attempt 1/3
2025-02-20 17:39:33,946 - sec_monitor - INFO - Timestamp: 2025-02-20 17:39:33
2025-02-20 17:39:35,291 - sec_monitor - INFO - Combine API call successful
2025-02-20 17:39:36,292 - sec_monitor - INFO - Processing filing 16/20: PH
2025-02-20 17:40:07,593 - sec_monitor - INFO - ==================================================
2025-02-20 17:40:07,593 - sec_monitor - INFO - Processing first chunk
2025-02-20 17:40:07,593 - sec_monitor - INFO - Timestamp: 2025-02-20 17:40:07
2025-02-20 17:40:07,709 - sec_monitor - INFO - token percentage = 6%
2025-02-20 17:40:07,709 - sec_monitor - INFO - Making API call - Attempt 1/3
2025-02-20 17:40:07,710 - sec_monitor - INFO - Timestamp: 2025-02-20 17:40:07
2025-02-20 17:40:11,153 - sec_monitor - INFO - API call successful
2025-02-20 17:40:12,154 - sec_monitor - INFO - Processing filing 17/20: MHK
2025-02-20 17:41:24,110 - sec_monitor - INFO - ==================================================
2025-02-20 17:41:24,110 - sec_monitor - INFO - Processing first chunk
2025-02-20 17:41:24,110 - sec_monitor - INFO - Timestamp: 2025-02-20 17:41:24
2025-02-20 17:41:25,229 - sec_monitor - INFO - token percentage = 53%
2025-02-20 17:41:25,229 - sec_monitor - INFO - Making API call - Attempt 1/3
2025-02-20 17:41:25,229 - sec_monitor - INFO - Timestamp: 2025-02-20 17:41:25
2025-02-20 17:41:43,178 - sec_monitor - INFO - API call successful
2025-02-20 17:42:13,208 - sec_monitor - INFO - ==================================================
2025-02-20 17:42:13,209 - sec_monitor - INFO - Processing middle chunk
2025-02-20 17:42:13,209 - sec_monitor - INFO - Timestamp: 2025-02-20 17:42:13
2025-02-20 17:42:13,836 - sec_monitor - INFO - token percentage = 44%
2025-02-20 17:42:13,836 - sec_monitor - INFO - Making API call - Attempt 1/3
2025-02-20 17:42:13,837 - sec_monitor - INFO - Timestamp: 2025-02-20 17:42:13
2025-02-20 17:42:28,408 - sec_monitor - INFO - API call successful
2025-02-20 17:42:58,438 - sec_monitor - INFO - ==================================================
2025-02-20 17:42:58,439 - sec_monitor - INFO - Processing middle chunk
2025-02-20 17:42:58,439 - sec_monitor - INFO - Timestamp: 2025-02-20 17:42:58
2025-02-20 17:42:59,019 - sec_monitor - INFO - token percentage = 42%
2025-02-20 17:42:59,019 - sec_monitor - INFO - Making API call - Attempt 1/3
2025-02-20 17:42:59,020 - sec_monitor - INFO - Timestamp: 2025-02-20 17:42:59
2025-02-20 17:43:12,098 - sec_monitor - INFO - API call successful
2025-02-20 17:43:42,128 - sec_monitor - INFO - ==================================================
2025-02-20 17:43:42,129 - sec_monitor - INFO - Processing middle chunk
2025-02-20 17:43:42,129 - sec_monitor - INFO - Timestamp: 2025-02-20 17:43:42
2025-02-20 17:43:43,944 - sec_monitor - INFO - token percentage = 67%
2025-02-20 17:43:43,944 - sec_monitor - INFO - Making API call - Attempt 1/3
2025-02-20 17:43:43,944 - sec_monitor - INFO - Timestamp: 2025-02-20 17:43:43
2025-02-20 17:44:05,829 - sec_monitor - INFO - API call successful
2025-02-20 17:44:35,837 - sec_monitor - INFO - ==================================================
2025-02-20 17:44:35,837 - sec_monitor - INFO - Processing middle chunk
2025-02-20 17:44:35,837 - sec_monitor - INFO - Timestamp: 2025-02-20 17:44:35
2025-02-20 17:44:36,477 - sec_monitor - INFO - token percentage = 41%
2025-02-20 17:44:36,477 - sec_monitor - INFO - Making API call - Attempt 1/3
2025-02-20 17:44:36,478 - sec_monitor - INFO - Timestamp: 2025-02-20 17:44:36
2025-02-20 17:44:50,422 - sec_monitor - INFO - API call successful
2025-02-20 17:45:20,453 - sec_monitor - INFO - ==================================================
2025-02-20 17:45:20,453 - sec_monitor - INFO - Processing last chunk
2025-02-20 17:45:20,453 - sec_monitor - INFO - Timestamp: 2025-02-20 17:45:20
2025-02-20 17:45:21,198 - sec_monitor - INFO - token percentage = 44%
2025-02-20 17:45:21,198 - sec_monitor - INFO - Making API call - Attempt 1/3
2025-02-20 17:45:21,198 - sec_monitor - INFO - Timestamp: 2025-02-20 17:45:21
2025-02-20 17:45:35,225 - sec_monitor - INFO - API call successful
2025-02-20 17:45:35,225 - sec_monitor - INFO - Making combine API call - Attempt 1/3
2025-02-20 17:45:35,225 - sec_monitor - INFO - Timestamp: 2025-02-20 17:45:35
2025-02-20 17:45:36,298 - sec_monitor - INFO - Combine API call successful
2025-02-20 17:45:37,299 - sec_monitor - INFO - Processing filing 18/20: EPAM
2025-02-20 17:46:09,083 - sec_monitor - INFO - ==================================================
2025-02-20 17:46:09,083 - sec_monitor - INFO - Processing first chunk
2025-02-20 17:46:09,083 - sec_monitor - INFO - Timestamp: 2025-02-20 17:46:09
2025-02-20 17:46:09,263 - sec_monitor - INFO - token percentage = 23%
2025-02-20 17:46:09,263 - sec_monitor - INFO - Making API call - Attempt 1/3
2025-02-20 17:46:09,263 - sec_monitor - INFO - Timestamp: 2025-02-20 17:46:09
2025-02-20 17:46:17,780 - sec_monitor - INFO - API call successful
2025-02-20 17:46:18,781 - sec_monitor - INFO - Processing filing 19/20: NWS
2025-02-20 17:46:49,394 - sec_monitor - INFO - ==================================================
2025-02-20 17:46:49,395 - sec_monitor - INFO - Processing first chunk
2025-02-20 17:46:49,395 - sec_monitor - INFO - Timestamp: 2025-02-20 17:46:49
2025-02-20 17:46:49,474 - sec_monitor - INFO - token percentage = 7%
2025-02-20 17:46:49,474 - sec_monitor - INFO - Making API call - Attempt 1/3
2025-02-20 17:46:49,474 - sec_monitor - INFO - Timestamp: 2025-02-20 17:46:49
2025-02-20 17:46:53,500 - sec_monitor - INFO - API call successful
2025-02-20 17:46:54,501 - sec_monitor - INFO - Processing filing 20/20: CRWD
2025-02-20 17:47:24,975 - sec_monitor - INFO - ==================================================
2025-02-20 17:47:24,976 - sec_monitor - INFO - Processing first chunk
2025-02-20 17:47:24,976 - sec_monitor - INFO - Timestamp: 2025-02-20 17:47:24
2025-02-20 17:47:25,044 - sec_monitor - INFO - token percentage = 3%
2025-02-20 17:47:25,044 - sec_monitor - INFO - Making API call - Attempt 1/3
2025-02-20 17:47:25,044 - sec_monitor - INFO - Timestamp: 2025-02-20 17:47:25
2025-02-20 17:47:26,691 - sec_monitor - INFO - API call successful
2025-02-20 17:47:27,693 - sec_monitor - INFO - Fetching supplementary data...
2025-02-20 17:47:28,010 - sec_monitor - INFO - filing_tickers type: <class 'list'>
2025-02-20 17:47:28,010 - sec_monitor - INFO - filing_data type: <class 'list'>
2025-02-20 17:47:33,520 - sec_monitor - INFO - Generating final output...
2025-02-20 17:47:33,522 - sec_monitor - INFO - Successfully merged 20 new filings with existing JSON
2025-02-20 17:47:33,522 - sec_monitor - INFO - Cumulative stats - Input words: 6568719, Output words: 1529
2025-02-20 17:47:33,522 - sec_monitor - INFO - Successfully saved/merged output to output/sec_filings.json
2025-02-20 17:47:33,522 - sec_monitor - INFO - Processing complete. Stats: {'input_words': 6101820, 'output_words': 1316, 'filings_processed': 20}
